Watching for file changes with StatReloader
[24/Aug/2021 09:31:45] "GET /api/v2/tags-auto-complete/?format=api HTTP/1.0" 200 16150
[24/Aug/2021 09:31:45] "GET /static/rest_framework/js/jquery-3.5.1.min.js HTTP/1.0" 304 0
[24/Aug/2021 09:31:45] "GET /static/rest_framework/js/ajax-form.js HTTP/1.0" 304 0
[24/Aug/2021 09:31:45] "GET /static/rest_framework/js/csrf.js HTTP/1.0" 304 0
[24/Aug/2021 09:31:46] "GET /static/rest_framework/js/bootstrap.min.js HTTP/1.0" 304 0
[24/Aug/2021 09:31:46] "GET /static/rest_framework/js/prettify-min.js HTTP/1.0" 304 0
[24/Aug/2021 09:31:46] "GET /static/rest_framework/js/default.js HTTP/1.0" 304 0
[24/Aug/2021 09:31:48] "GET /api/v2/tags-auto-complete/?format=api HTTP/1.0" 200 16150
[24/Aug/2021 09:31:48] "GET /static/rest_framework/js/jquery-3.5.1.min.js HTTP/1.0" 304 0
[24/Aug/2021 09:31:48] "GET /static/rest_framework/js/ajax-form.js HTTP/1.0" 304 0
[24/Aug/2021 09:31:48] "GET /static/rest_framework/js/csrf.js HTTP/1.0" 304 0
[24/Aug/2021 09:31:48] "GET /static/rest_framework/js/bootstrap.min.js HTTP/1.0" 304 0
[24/Aug/2021 09:31:48] "GET /static/rest_framework/js/prettify-min.js HTTP/1.0" 304 0
[24/Aug/2021 09:31:48] "GET /static/rest_framework/js/default.js HTTP/1.0" 304 0
[24/Aug/2021 09:31:50] "GET /api/v2/tags-auto-complete/?format=api HTTP/1.0" 200 16150
[24/Aug/2021 09:31:51] "GET /static/rest_framework/js/jquery-3.5.1.min.js HTTP/1.0" 304 0
[24/Aug/2021 09:31:51] "GET /static/rest_framework/js/ajax-form.js HTTP/1.0" 304 0
[24/Aug/2021 09:31:51] "GET /static/rest_framework/js/csrf.js HTTP/1.0" 304 0
[24/Aug/2021 09:31:51] "GET /static/rest_framework/js/bootstrap.min.js HTTP/1.0" 304 0
[24/Aug/2021 09:31:51] "GET /static/rest_framework/js/prettify-min.js HTTP/1.0" 304 0
[24/Aug/2021 09:31:51] "GET /static/rest_framework/js/default.js HTTP/1.0" 304 0
Not Found: /
[24/Aug/2021 10:10:34] "GET / HTTP/1.0" 404 2756
Not Found: /api/jsonws/invoke
[24/Aug/2021 14:01:30] "POST /api/jsonws/invoke HTTP/1.0" 404 2826
[24/Aug/2021 14:01:31] "GET /api/v2/tags-auto-complete/ HTTP/1.0" 200 2106
[24/Aug/2021 14:01:31] "GET /api/v2/profile/users/ HTTP/1.0" 200 2
[24/Aug/2021 14:01:31] "GET /api/v2/profile/users/ HTTP/1.0" 200 2
[24/Aug/2021 14:01:32] "GET /api/v2/pins/?format=json&ordering=-id&limit=30&offset=0 HTTP/1.0" 200 37546
[24/Aug/2021 14:01:32] "GET /media/c/9/c9d2d036b214a9ad3f6135a9864c7387/template_diagram.png HTTP/1.0" 200 7770
[24/Aug/2021 14:01:32] "GET /media/a/9/a9b21b95256b4158592b410dde14f3c0/viper-diagram.png HTTP/1.0" 200 8770
[24/Aug/2021 14:01:32] "GET /media/0/6/06dac49eb9da0e0e817e023ca6b912db/cover.png HTTP/1.0" 200 9302
[24/Aug/2021 14:01:32] "GET /media/7/c/7cc3417d78df38dd29e6df7ad3067f47/111010138-e0cf9b80-8395-11eb-9086-e3f19645b399_vNQLS3Q.png HTTP/1.0" 200 14233
[24/Aug/2021 14:01:33] "GET /media/1/3/13df7325b480efe4240efa6fbfd32552/111010141-e2995f00-8395-11eb-9533-c074d55a745d_HbexGRs.png HTTP/1.0" 200 6422
[24/Aug/2021 14:01:33] "GET /media/0/b/0b93851123eb7839f4873ed250055614/111010284-576c9900-8396-11eb-9fd9-399cc7dae8bc_7cUMocV.png HTTP/1.0" 200 4940
[24/Aug/2021 14:01:33] "GET /media/c/f/cf3898c3cf41aed191aeda35ee5fba72/opera_128x128_PbV5Hxd.png HTTP/1.0" 200 7729
[24/Aug/2021 14:01:33] "GET /media/b/f/bfbb38c0ddb4c050f5eb21b870dfd7e0/edge_128x128_AkqOofy.png HTTP/1.0" 200 12804
[24/Aug/2021 14:01:33] "GET /media/7/1/71deaac409c83a0c00d81ac0594d7b5d/safari_128x128_NVjhdzv.png HTTP/1.0" 200 26013
[24/Aug/2021 14:01:33] "GET /media/a/8/a87b8ccb7c363b01a59970af317f877b/firefox_128x128_j5T4kWr.png HTTP/1.0" 200 16404
[24/Aug/2021 14:01:33] "GET /media/3/5/354cffbdf6426b30640e30185ef4e629/chrome_128x128_Djpg8Ed.png HTTP/1.0" 200 13244
[24/Aug/2021 14:01:33] "GET /media/0/b/0b93851123eb7839f4873ed250055614/111010284-576c9900-8396-11eb-9fd9-399cc7dae8bc.png HTTP/1.0" 200 4940
[24/Aug/2021 14:01:33] "GET /media/1/3/13df7325b480efe4240efa6fbfd32552/111010141-e2995f00-8395-11eb-9533-c074d55a745d.png HTTP/1.0" 200 6422
[24/Aug/2021 14:01:33] "GET /media/a/4/a4eb9a0014af7669b8e6ea6f65dbf5ed/demo_nKaCAZX.png HTTP/1.0" 200 29193
[24/Aug/2021 14:01:33] "GET /media/b/6/b645cd5796ae681940c70502b98800bb/647ca490-1704-11e6-8ed8-ef0674e40fc3_DJruCgA.png HTTP/1.0" 200 21196
[24/Aug/2021 14:01:33] "GET /media/b/f/bf0890e4e74c156eb31b9432a947d073/proxy-manager.png HTTP/1.0" 200 23170
[24/Aug/2021 14:01:33] "GET /media/a/7/a7ace1894ccefc4302dc1f0224f4dfd3/68747470733a2f2f6e6f6465692e636f2f6e706d2d646c2f72656163742d6e61746976652d64726f702d726566726573682e706e673f6d6f6e7468733d39 HTTP/1.0" 200 8696
[24/Aug/2021 14:01:33] "GET /media/9/5/9530b08054736fdd3ee37c0e96bb7763/screen-shot.gif HTTP/1.0" 200 2950
[24/Aug/2021 14:01:33] "GET /media/a/4/a4eb9a0014af7669b8e6ea6f65dbf5ed/demo_b32qrn4.png HTTP/1.0" 200 29193
[24/Aug/2021 14:01:33] "GET /media/b/6/b645cd5796ae681940c70502b98800bb/647ca490-1704-11e6-8ed8-ef0674e40fc3_DE6ayUP.png HTTP/1.0" 200 21196
[24/Aug/2021 14:01:33] "GET /media/7/c/7cc3417d78df38dd29e6df7ad3067f47/111010138-e0cf9b80-8395-11eb-9086-e3f19645b399.png HTTP/1.0" 200 14233
[24/Aug/2021 14:01:34] "GET /media/c/f/cf3898c3cf41aed191aeda35ee5fba72/opera_128x128.png HTTP/1.0" 200 7729
[24/Aug/2021 14:01:34] "GET /media/b/f/bfbb38c0ddb4c050f5eb21b870dfd7e0/edge_128x128.png HTTP/1.0" 200 12804
[24/Aug/2021 14:01:34] "GET /media/7/1/71deaac409c83a0c00d81ac0594d7b5d/safari_128x128.png HTTP/1.0" 200 26013
[24/Aug/2021 14:01:34] "GET /media/a/8/a87b8ccb7c363b01a59970af317f877b/firefox_128x128.png HTTP/1.0" 200 16404
[24/Aug/2021 14:01:34] "GET /media/3/5/354cffbdf6426b30640e30185ef4e629/chrome_128x128_VE2OpYw.png HTTP/1.0" 200 13244
[24/Aug/2021 14:01:34] "GET /media/5/c/5c0fc86da528f9423d1a8c0343b13a37/68747470733a2f2f6e6f6465692e636f2f6e706d2f72656163742d6e61746976652d64726f702d726566726573682e706e67 HTTP/1.0" 200 9661
[24/Aug/2021 14:01:34] "GET /media/d/7/d7601fca8a821d164c2663362b92e200/preview_pc_admin_0913.png HTTP/1.0" 200 69154
[24/Aug/2021 14:01:34] "GET /media/8/2/82ffa417b85ed410591bec2f28bb0d24/img_001.png HTTP/1.0" 200 1766
[24/Aug/2021 14:01:34] "GET /media/7/7/77095f4ed028ca90c70123ecea991c0e/mstg-cover-release-small.jpg HTTP/1.0" 200 7657
[24/Aug/2021 14:06:59] "GET /api/v2/tags-auto-complete/ HTTP/1.0" 200 2106
[24/Aug/2021 14:06:59] "GET /api/v2/profile/users/ HTTP/1.0" 200 2
[24/Aug/2021 14:06:59] "GET /api/v2/profile/users/ HTTP/1.0" 200 2
[24/Aug/2021 14:06:59] "GET /api/v2/pins/?format=json&ordering=-id&limit=30&offset=0 HTTP/1.0" 200 37546
[24/Aug/2021 14:07:00] "GET /media/c/9/c9d2d036b214a9ad3f6135a9864c7387/template_diagram.png HTTP/1.0" 304 0
[24/Aug/2021 14:07:00] "GET /media/a/9/a9b21b95256b4158592b410dde14f3c0/viper-diagram.png HTTP/1.0" 304 0
[24/Aug/2021 14:07:00] "GET /media/0/6/06dac49eb9da0e0e817e023ca6b912db/cover.png HTTP/1.0" 304 0
[24/Aug/2021 14:07:00] "GET /media/7/c/7cc3417d78df38dd29e6df7ad3067f47/111010138-e0cf9b80-8395-11eb-9086-e3f19645b399_vNQLS3Q.png HTTP/1.0" 304 0
[24/Aug/2021 14:07:00] "GET /media/1/3/13df7325b480efe4240efa6fbfd32552/111010141-e2995f00-8395-11eb-9533-c074d55a745d_HbexGRs.png HTTP/1.0" 304 0
[24/Aug/2021 14:07:00] "GET /media/0/b/0b93851123eb7839f4873ed250055614/111010284-576c9900-8396-11eb-9fd9-399cc7dae8bc_7cUMocV.png HTTP/1.0" 304 0
[24/Aug/2021 14:07:00] "GET /media/c/f/cf3898c3cf41aed191aeda35ee5fba72/opera_128x128_PbV5Hxd.png HTTP/1.0" 304 0
[24/Aug/2021 14:07:00] "GET /media/b/f/bfbb38c0ddb4c050f5eb21b870dfd7e0/edge_128x128_AkqOofy.png HTTP/1.0" 304 0
[24/Aug/2021 14:07:00] "GET /media/7/1/71deaac409c83a0c00d81ac0594d7b5d/safari_128x128_NVjhdzv.png HTTP/1.0" 304 0
[24/Aug/2021 14:07:00] "GET /media/a/8/a87b8ccb7c363b01a59970af317f877b/firefox_128x128_j5T4kWr.png HTTP/1.0" 304 0
[24/Aug/2021 14:07:00] "GET /media/3/5/354cffbdf6426b30640e30185ef4e629/chrome_128x128_Djpg8Ed.png HTTP/1.0" 304 0
[24/Aug/2021 14:07:00] "GET /media/a/4/a4eb9a0014af7669b8e6ea6f65dbf5ed/demo_b32qrn4.png HTTP/1.0" 304 0
[24/Aug/2021 14:07:00] "GET /media/b/6/b645cd5796ae681940c70502b98800bb/647ca490-1704-11e6-8ed8-ef0674e40fc3_DE6ayUP.png HTTP/1.0" 304 0
[24/Aug/2021 14:07:01] "GET /media/7/c/7cc3417d78df38dd29e6df7ad3067f47/111010138-e0cf9b80-8395-11eb-9086-e3f19645b399.png HTTP/1.0" 304 0
[24/Aug/2021 14:07:01] "GET /media/1/3/13df7325b480efe4240efa6fbfd32552/111010141-e2995f00-8395-11eb-9533-c074d55a745d.png HTTP/1.0" 304 0
[24/Aug/2021 14:07:01] "GET /media/0/b/0b93851123eb7839f4873ed250055614/111010284-576c9900-8396-11eb-9fd9-399cc7dae8bc.png HTTP/1.0" 304 0
[24/Aug/2021 14:07:01] "GET /media/c/f/cf3898c3cf41aed191aeda35ee5fba72/opera_128x128.png HTTP/1.0" 304 0
[24/Aug/2021 14:07:01] "GET /media/b/f/bfbb38c0ddb4c050f5eb21b870dfd7e0/edge_128x128.png HTTP/1.0" 304 0
[24/Aug/2021 14:07:01] "GET /media/7/1/71deaac409c83a0c00d81ac0594d7b5d/safari_128x128.png HTTP/1.0" 304 0
[24/Aug/2021 14:07:01] "GET /media/a/8/a87b8ccb7c363b01a59970af317f877b/firefox_128x128.png HTTP/1.0" 304 0
[24/Aug/2021 14:07:01] "GET /media/3/5/354cffbdf6426b30640e30185ef4e629/chrome_128x128_VE2OpYw.png HTTP/1.0" 304 0
[24/Aug/2021 14:07:01] "GET /media/a/4/a4eb9a0014af7669b8e6ea6f65dbf5ed/demo_nKaCAZX.png HTTP/1.0" 304 0
[24/Aug/2021 14:07:01] "GET /media/b/6/b645cd5796ae681940c70502b98800bb/647ca490-1704-11e6-8ed8-ef0674e40fc3_DJruCgA.png HTTP/1.0" 304 0
[24/Aug/2021 14:07:01] "GET /media/b/f/bf0890e4e74c156eb31b9432a947d073/proxy-manager.png HTTP/1.0" 304 0
[24/Aug/2021 14:07:01] "GET /media/9/5/9530b08054736fdd3ee37c0e96bb7763/screen-shot.gif HTTP/1.0" 304 0
[24/Aug/2021 14:07:01] "GET /media/a/7/a7ace1894ccefc4302dc1f0224f4dfd3/68747470733a2f2f6e6f6465692e636f2f6e706d2d646c2f72656163742d6e61746976652d64726f702d726566726573682e706e673f6d6f6e7468733d39 HTTP/1.0" 304 0
[24/Aug/2021 14:07:01] "GET /media/5/c/5c0fc86da528f9423d1a8c0343b13a37/68747470733a2f2f6e6f6465692e636f2f6e706d2f72656163742d6e61746976652d64726f702d726566726573682e706e67 HTTP/1.0" 304 0
[24/Aug/2021 14:07:01] "GET /media/d/7/d7601fca8a821d164c2663362b92e200/preview_pc_admin_0913.png HTTP/1.0" 304 0
[24/Aug/2021 14:07:01] "GET /media/8/2/82ffa417b85ed410591bec2f28bb0d24/img_001.png HTTP/1.0" 304 0
[24/Aug/2021 14:07:01] "GET /media/7/7/77095f4ed028ca90c70123ecea991c0e/mstg-cover-release-small.jpg HTTP/1.0" 304 0
[24/Aug/2021 14:07:45] "GET /api/v2/tags-auto-complete/ HTTP/1.0" 200 2106
[24/Aug/2021 14:07:45] "GET /api/v2/profile/users/ HTTP/1.0" 200 2
[24/Aug/2021 14:07:45] "GET /api/v2/profile/users/ HTTP/1.0" 200 2
[24/Aug/2021 14:07:45] "GET /api/v2/pins/?format=json&ordering=-id&limit=30&offset=0 HTTP/1.0" 200 37546
[24/Aug/2021 14:07:46] "GET /media/c/9/c9d2d036b214a9ad3f6135a9864c7387/template_diagram.png HTTP/1.0" 304 0
[24/Aug/2021 14:07:46] "GET /media/a/9/a9b21b95256b4158592b410dde14f3c0/viper-diagram.png HTTP/1.0" 304 0
[24/Aug/2021 14:07:46] "GET /media/0/6/06dac49eb9da0e0e817e023ca6b912db/cover.png HTTP/1.0" 304 0
[24/Aug/2021 14:07:46] "GET /media/7/c/7cc3417d78df38dd29e6df7ad3067f47/111010138-e0cf9b80-8395-11eb-9086-e3f19645b399_vNQLS3Q.png HTTP/1.0" 304 0
[24/Aug/2021 14:07:46] "GET /media/1/3/13df7325b480efe4240efa6fbfd32552/111010141-e2995f00-8395-11eb-9533-c074d55a745d_HbexGRs.png HTTP/1.0" 304 0
[24/Aug/2021 14:07:46] "GET /media/0/b/0b93851123eb7839f4873ed250055614/111010284-576c9900-8396-11eb-9fd9-399cc7dae8bc_7cUMocV.png HTTP/1.0" 304 0
[24/Aug/2021 14:07:46] "GET /media/c/f/cf3898c3cf41aed191aeda35ee5fba72/opera_128x128_PbV5Hxd.png HTTP/1.0" 304 0
[24/Aug/2021 14:07:46] "GET /media/b/f/bfbb38c0ddb4c050f5eb21b870dfd7e0/edge_128x128_AkqOofy.png HTTP/1.0" 304 0
[24/Aug/2021 14:07:46] "GET /media/7/1/71deaac409c83a0c00d81ac0594d7b5d/safari_128x128_NVjhdzv.png HTTP/1.0" 304 0
[24/Aug/2021 14:07:46] "GET /media/a/8/a87b8ccb7c363b01a59970af317f877b/firefox_128x128_j5T4kWr.png HTTP/1.0" 304 0
[24/Aug/2021 14:07:46] "GET /media/3/5/354cffbdf6426b30640e30185ef4e629/chrome_128x128_Djpg8Ed.png HTTP/1.0" 304 0
[24/Aug/2021 14:07:46] "GET /media/a/4/a4eb9a0014af7669b8e6ea6f65dbf5ed/demo_b32qrn4.png HTTP/1.0" 304 0
[24/Aug/2021 14:07:46] "GET /media/b/6/b645cd5796ae681940c70502b98800bb/647ca490-1704-11e6-8ed8-ef0674e40fc3_DE6ayUP.png HTTP/1.0" 304 0
[24/Aug/2021 14:07:46] "GET /media/7/c/7cc3417d78df38dd29e6df7ad3067f47/111010138-e0cf9b80-8395-11eb-9086-e3f19645b399.png HTTP/1.0" 304 0
[24/Aug/2021 14:07:46] "GET /media/1/3/13df7325b480efe4240efa6fbfd32552/111010141-e2995f00-8395-11eb-9533-c074d55a745d.png HTTP/1.0" 304 0
[24/Aug/2021 14:07:47] "GET /media/0/b/0b93851123eb7839f4873ed250055614/111010284-576c9900-8396-11eb-9fd9-399cc7dae8bc.png HTTP/1.0" 304 0
[24/Aug/2021 14:07:47] "GET /media/c/f/cf3898c3cf41aed191aeda35ee5fba72/opera_128x128.png HTTP/1.0" 304 0
[24/Aug/2021 14:07:47] "GET /media/b/f/bfbb38c0ddb4c050f5eb21b870dfd7e0/edge_128x128.png HTTP/1.0" 304 0
[24/Aug/2021 14:07:47] "GET /media/7/1/71deaac409c83a0c00d81ac0594d7b5d/safari_128x128.png HTTP/1.0" 304 0
[24/Aug/2021 14:07:47] "GET /media/a/8/a87b8ccb7c363b01a59970af317f877b/firefox_128x128.png HTTP/1.0" 304 0
[24/Aug/2021 14:07:47] "GET /media/3/5/354cffbdf6426b30640e30185ef4e629/chrome_128x128_VE2OpYw.png HTTP/1.0" 304 0
[24/Aug/2021 14:07:47] "GET /media/a/4/a4eb9a0014af7669b8e6ea6f65dbf5ed/demo_nKaCAZX.png HTTP/1.0" 304 0
[24/Aug/2021 14:07:47] "GET /media/b/6/b645cd5796ae681940c70502b98800bb/647ca490-1704-11e6-8ed8-ef0674e40fc3_DJruCgA.png HTTP/1.0" 304 0
[24/Aug/2021 14:07:47] "GET /media/b/f/bf0890e4e74c156eb31b9432a947d073/proxy-manager.png HTTP/1.0" 304 0
[24/Aug/2021 14:07:47] "GET /media/9/5/9530b08054736fdd3ee37c0e96bb7763/screen-shot.gif HTTP/1.0" 304 0
[24/Aug/2021 14:07:47] "GET /media/a/7/a7ace1894ccefc4302dc1f0224f4dfd3/68747470733a2f2f6e6f6465692e636f2f6e706d2d646c2f72656163742d6e61746976652d64726f702d726566726573682e706e673f6d6f6e7468733d39 HTTP/1.0" 304 0
[24/Aug/2021 14:07:47] "GET /media/5/c/5c0fc86da528f9423d1a8c0343b13a37/68747470733a2f2f6e6f6465692e636f2f6e706d2f72656163742d6e61746976652d64726f702d726566726573682e706e67 HTTP/1.0" 304 0
[24/Aug/2021 14:07:47] "GET /media/d/7/d7601fca8a821d164c2663362b92e200/preview_pc_admin_0913.png HTTP/1.0" 304 0
[24/Aug/2021 14:07:47] "GET /media/8/2/82ffa417b85ed410591bec2f28bb0d24/img_001.png HTTP/1.0" 304 0
[24/Aug/2021 14:07:47] "GET /media/7/7/77095f4ed028ca90c70123ecea991c0e/mstg-cover-release-small.jpg HTTP/1.0" 304 0
[24/Aug/2021 14:26:23] "GET /api/v2/tags-auto-complete/?format=api HTTP/1.0" 200 16150
[24/Aug/2021 14:26:23] "GET /static/rest_framework/css/bootstrap.min.css HTTP/1.0" 200 121457
[24/Aug/2021 14:26:24] "GET /static/rest_framework/js/jquery-3.5.1.min.js HTTP/1.0" 304 0
[24/Aug/2021 14:26:24] "GET /static/rest_framework/css/default.css HTTP/1.0" 200 1131
[24/Aug/2021 14:26:24] "GET /static/rest_framework/css/bootstrap-tweaks.css HTTP/1.0" 200 3385
[24/Aug/2021 14:26:24] "GET /static/rest_framework/css/prettify.css HTTP/1.0" 200 817
[24/Aug/2021 14:26:24] "GET /static/rest_framework/js/bootstrap.min.js HTTP/1.0" 304 0
[24/Aug/2021 14:26:24] "GET /static/rest_framework/js/default.js HTTP/1.0" 304 0
[24/Aug/2021 14:26:24] "GET /static/rest_framework/js/ajax-form.js HTTP/1.0" 304 0
[24/Aug/2021 14:26:24] "GET /static/rest_framework/js/prettify-min.js HTTP/1.0" 304 0
[24/Aug/2021 14:26:24] "GET /static/rest_framework/js/csrf.js HTTP/1.0" 304 0
[24/Aug/2021 14:26:25] "GET /static/rest_framework/img/grid.png HTTP/1.0" 200 1458
Not Found: /favicon.ico
[24/Aug/2021 14:26:25] "GET /favicon.ico HTTP/1.0" 404 2807
[24/Aug/2021 14:28:33] "GET /api/v2/profile/users/ HTTP/1.0" 200 2
[24/Aug/2021 14:28:33] "GET /api/v2/tags-auto-complete/ HTTP/1.0" 200 2106
[24/Aug/2021 14:28:46] "GET /api/v2/tags-auto-complete/ HTTP/1.0" 200 2106
[24/Aug/2021 14:28:46] "GET /api/v2/profile/users/ HTTP/1.0" 200 2
[24/Aug/2021 14:28:47] "GET /api/v2/profile/users/ HTTP/1.0" 200 2
[24/Aug/2021 14:28:47] "GET /api/v2/pins/?format=json&ordering=-id&limit=30&offset=0 HTTP/1.0" 200 37546
[24/Aug/2021 14:33:01] "GET /api/v2/tags-auto-complete/ HTTP/1.0" 200 2106
[24/Aug/2021 14:33:01] "GET /api/v2/profile/users/ HTTP/1.0" 200 2
[24/Aug/2021 14:33:01] "GET /api/v2/profile/users/ HTTP/1.0" 200 2
[24/Aug/2021 14:33:02] "GET /api/v2/pins/?format=json&ordering=-id&limit=30&offset=0 HTTP/1.0" 200 37546
[24/Aug/2021 14:39:21] "GET /api/v2/profile/users/ HTTP/1.0" 200 2
[24/Aug/2021 14:39:21] "GET /api/v2/pins/?format=json&ordering=-id&limit=30&offset=0 HTTP/1.0" 200 37546
[24/Aug/2021 14:39:21] "GET /api/v2/profile/users/ HTTP/1.0" 200 2
[24/Aug/2021 14:39:21] "GET /api/v2/tags-auto-complete/ HTTP/1.0" 200 2106
[24/Aug/2021 14:39:27] "GET /api/v2/profile/users/ HTTP/1.0" 200 2
[24/Aug/2021 14:39:27] "GET /api/v2/tags-auto-complete/ HTTP/1.0" 200 2106
[24/Aug/2021 14:39:58] "GET /api/v2/pins/?format=json&ordering=-id&limit=30&offset=0 HTTP/1.0" 200 37546
[24/Aug/2021 14:40:44] "GET /api/v2/tags-auto-complete/ HTTP/1.0" 200 2106
[24/Aug/2021 14:40:44] "GET /api/v2/profile/users/ HTTP/1.0" 200 2
[24/Aug/2021 14:40:44] "GET /api/v2/profile/users/ HTTP/1.0" 200 2
[24/Aug/2021 14:40:44] "GET /api/v2/pins/?format=json&ordering=-id&limit=30&offset=0 HTTP/1.0" 200 37546
[24/Aug/2021 14:40:48] "GET /api/v2/profile/users/ HTTP/1.0" 200 2
[24/Aug/2021 14:40:48] "GET /api/v2/tags-auto-complete/ HTTP/1.0" 200 2106
[24/Aug/2021 14:40:56] "GET /api/v2/tags-auto-complete/ HTTP/1.0" 200 2106
[24/Aug/2021 14:40:56] "GET /api/v2/profile/users/ HTTP/1.0" 200 2
[24/Aug/2021 14:40:56] "GET /api/v2/profile/users/ HTTP/1.0" 200 2
[24/Aug/2021 14:40:56] "GET /api/v2/pins/?format=json&ordering=-id&limit=30&offset=0 HTTP/1.0" 200 37546
[24/Aug/2021 14:41:00] "GET /api/v2/profile/users/ HTTP/1.0" 200 2
[24/Aug/2021 14:41:00] "GET /api/v2/tags-auto-complete/ HTTP/1.0" 200 2106
[24/Aug/2021 14:41:28] "GET /api/v2/tags-auto-complete/ HTTP/1.0" 200 2106
[24/Aug/2021 14:41:28] "GET /api/v2/profile/users/ HTTP/1.0" 200 2
[24/Aug/2021 14:41:28] "GET /api/v2/profile/users/ HTTP/1.0" 200 2
[24/Aug/2021 14:41:29] "GET /api/v2/pins/?format=json&ordering=-id&limit=30&offset=0 HTTP/1.0" 200 37546
[24/Aug/2021 14:43:57] "GET /api/v2/profile/users/ HTTP/1.0" 200 14566
[24/Aug/2021 14:43:58] "GET /static/rest_framework/css/bootstrap.min.css HTTP/1.0" 200 121457
[24/Aug/2021 14:44:06] "GET /api/v2/pins/?format=json&ordering=-id&limit=30&offset=0 HTTP/1.0" 200 37546
[24/Aug/2021 16:03:50] "GET /api/v2/profile/users/ HTTP/1.0" 200 2
[24/Aug/2021 16:03:50] "GET /api/v2/profile/users/ HTTP/1.0" 200 2
[24/Aug/2021 16:03:50] "GET /api/v2/pins/?format=json&ordering=-id&limit=30&offset=0 HTTP/1.0" 200 37546
[24/Aug/2021 16:03:50] "GET /api/v2/tags-auto-complete/ HTTP/1.0" 200 2106
[24/Aug/2021 16:06:30] "GET /api/v2/tags-auto-complete/ HTTP/1.0" 200 2106
[24/Aug/2021 16:06:30] "GET /api/v2/profile/users/ HTTP/1.0" 200 2
[24/Aug/2021 16:06:30] "GET /api/v2/tags-auto-complete/ HTTP/1.0" 200 2106
[24/Aug/2021 16:06:54] "GET /api/v2/profile/users/ HTTP/1.0" 200 2
[24/Aug/2021 16:06:54] "GET /api/v2/pins/?format=json&ordering=-id&limit=30&offset=0&tags__name=octolinker HTTP/1.0" 200 27932
[24/Aug/2021 16:06:54] "GET /media/7/c/7cc3417d78df38dd29e6df7ad3067f47/111010138-e0cf9b80-8395-11eb-9086-e3f19645b399_vNQLS3Q.png HTTP/1.0" 200 14233
[24/Aug/2021 16:06:54] "GET /media/1/3/13df7325b480efe4240efa6fbfd32552/111010141-e2995f00-8395-11eb-9533-c074d55a745d_HbexGRs.png HTTP/1.0" 200 6422
[24/Aug/2021 16:06:54] "GET /media/0/b/0b93851123eb7839f4873ed250055614/111010284-576c9900-8396-11eb-9fd9-399cc7dae8bc_7cUMocV.png HTTP/1.0" 200 4940
[24/Aug/2021 16:06:54] "GET /media/c/f/cf3898c3cf41aed191aeda35ee5fba72/opera_128x128_PbV5Hxd.png HTTP/1.0" 200 7729
[24/Aug/2021 16:06:55] "GET /media/b/f/bfbb38c0ddb4c050f5eb21b870dfd7e0/edge_128x128_AkqOofy.png HTTP/1.0" 200 12804
[24/Aug/2021 16:06:55] "GET /media/7/1/71deaac409c83a0c00d81ac0594d7b5d/safari_128x128_NVjhdzv.png HTTP/1.0" 200 26013
[24/Aug/2021 16:06:55] "GET /media/a/8/a87b8ccb7c363b01a59970af317f877b/firefox_128x128_j5T4kWr.png HTTP/1.0" 200 16404
[24/Aug/2021 16:06:55] "GET /media/3/5/354cffbdf6426b30640e30185ef4e629/chrome_128x128_Djpg8Ed.png HTTP/1.0" 200 13244
[24/Aug/2021 16:06:55] "GET /media/a/4/a4eb9a0014af7669b8e6ea6f65dbf5ed/demo_b32qrn4.png HTTP/1.0" 200 29193
[24/Aug/2021 16:06:55] "GET /media/b/6/b645cd5796ae681940c70502b98800bb/647ca490-1704-11e6-8ed8-ef0674e40fc3_DE6ayUP.png HTTP/1.0" 200 21196
[24/Aug/2021 16:06:55] "GET /media/7/c/7cc3417d78df38dd29e6df7ad3067f47/111010138-e0cf9b80-8395-11eb-9086-e3f19645b399.png HTTP/1.0" 200 14233
[24/Aug/2021 16:06:55] "GET /media/1/3/13df7325b480efe4240efa6fbfd32552/111010141-e2995f00-8395-11eb-9533-c074d55a745d.png HTTP/1.0" 200 6422
[24/Aug/2021 16:06:55] "GET /media/0/b/0b93851123eb7839f4873ed250055614/111010284-576c9900-8396-11eb-9fd9-399cc7dae8bc.png HTTP/1.0" 200 4940
[24/Aug/2021 16:06:55] "GET /media/c/f/cf3898c3cf41aed191aeda35ee5fba72/opera_128x128.png HTTP/1.0" 200 7729
[24/Aug/2021 16:06:55] "GET /media/b/f/bfbb38c0ddb4c050f5eb21b870dfd7e0/edge_128x128.png HTTP/1.0" 200 12804
[24/Aug/2021 16:06:55] "GET /media/7/1/71deaac409c83a0c00d81ac0594d7b5d/safari_128x128.png HTTP/1.0" 200 26013
[24/Aug/2021 16:06:55] "GET /media/a/8/a87b8ccb7c363b01a59970af317f877b/firefox_128x128.png HTTP/1.0" 200 16404
[24/Aug/2021 16:06:56] "GET /media/3/5/354cffbdf6426b30640e30185ef4e629/chrome_128x128_VE2OpYw.png HTTP/1.0" 200 13244
[24/Aug/2021 16:06:56] "GET /media/a/4/a4eb9a0014af7669b8e6ea6f65dbf5ed/demo_nKaCAZX.png HTTP/1.0" 200 29193
[24/Aug/2021 16:06:56] "GET /media/b/6/b645cd5796ae681940c70502b98800bb/647ca490-1704-11e6-8ed8-ef0674e40fc3_DJruCgA.png HTTP/1.0" 200 21196
[24/Aug/2021 16:06:56] "GET /media/3/5/354cffbdf6426b30640e30185ef4e629/chrome_128x128.png HTTP/1.0" 200 13244
[24/Aug/2021 16:06:56] "GET /media/a/4/a4eb9a0014af7669b8e6ea6f65dbf5ed/demo.png HTTP/1.0" 200 29193
[24/Aug/2021 16:06:56] "GET /media/b/6/b645cd5796ae681940c70502b98800bb/647ca490-1704-11e6-8ed8-ef0674e40fc3.png HTTP/1.0" 200 21196
[24/Aug/2021 16:11:48] "GET /api/v2/tags-auto-complete/?format=api HTTP/1.0" 200 16150
[24/Aug/2021 16:13:14] "GET /api/v2/tags-auto-complete/?format=api HTTP/1.0" 200 16150
[24/Aug/2021 16:17:03] "GET /api/v2/tags-auto-complete/?format=json HTTP/1.0" 200 2106
[24/Aug/2021 16:23:45] "GET /api/v2/tags-auto-complete/?format=json HTTP/1.0" 200 2106
[24/Aug/2021 16:27:31] "GET /media/6/6/66cbfa81ac6b04b3bffe18b2c0786ce0/111010141-e2995f00-8395-11eb-9533-c074d55a745d_HbexGRs.png HTTP/1.0" 200 6062
[24/Aug/2021 16:27:49] "GET /api/v2/tags-auto-complete/ HTTP/1.0" 200 2106
[24/Aug/2021 16:27:49] "GET /api/v2/profile/users/ HTTP/1.0" 200 2
[24/Aug/2021 16:27:49] "GET /api/v2/tags-auto-complete/ HTTP/1.0" 200 2106
[24/Aug/2021 16:27:59] "GET /api/v2/tags-auto-complete/ HTTP/1.0" 200 2106
[24/Aug/2021 16:27:59] "GET /api/v2/profile/users/ HTTP/1.0" 200 2
[24/Aug/2021 16:27:59] "GET /api/v2/tags-auto-complete/ HTTP/1.0" 200 2106
[24/Aug/2021 16:29:45] "GET /api/v2/tags-auto-complete/ HTTP/1.0" 200 2106
[24/Aug/2021 16:29:45] "GET /api/v2/tags-auto-complete/ HTTP/1.0" 200 2106
[24/Aug/2021 16:29:45] "GET /api/v2/profile/users/ HTTP/1.0" 200 2
[24/Aug/2021 16:41:03] "GET /api/v2/tags-auto-complete/ HTTP/1.0" 200 2106
[24/Aug/2021 16:41:03] "GET /api/v2/profile/users/ HTTP/1.0" 200 2
[24/Aug/2021 16:41:03] "GET /api/v2/profile/users/ HTTP/1.0" 200 2
[24/Aug/2021 16:41:03] "GET /api/v2/pins/?format=json&ordering=-id&limit=30&offset=0 HTTP/1.0" 200 37546
[24/Aug/2021 16:41:03] "GET /media/a/9/a9b21b95256b4158592b410dde14f3c0/viper-diagram.png HTTP/1.0" 200 8770
[24/Aug/2021 16:41:03] "GET /media/7/c/7cc3417d78df38dd29e6df7ad3067f47/111010138-e0cf9b80-8395-11eb-9086-e3f19645b399_vNQLS3Q.png HTTP/1.0" 200 14233
[24/Aug/2021 16:41:03] "GET /media/0/6/06dac49eb9da0e0e817e023ca6b912db/cover.png HTTP/1.0" 200 9302
[24/Aug/2021 16:41:03] "GET /media/c/9/c9d2d036b214a9ad3f6135a9864c7387/template_diagram.png HTTP/1.0" 200 7770
[24/Aug/2021 16:41:03] "GET /media/1/3/13df7325b480efe4240efa6fbfd32552/111010141-e2995f00-8395-11eb-9533-c074d55a745d_HbexGRs.png HTTP/1.0" 200 6422
[24/Aug/2021 16:41:03] "GET /media/0/b/0b93851123eb7839f4873ed250055614/111010284-576c9900-8396-11eb-9fd9-399cc7dae8bc_7cUMocV.png HTTP/1.0" 200 4940
[24/Aug/2021 16:41:03] "GET /media/c/f/cf3898c3cf41aed191aeda35ee5fba72/opera_128x128_PbV5Hxd.png HTTP/1.0" 200 7729
[24/Aug/2021 16:41:03] "GET /media/b/f/bfbb38c0ddb4c050f5eb21b870dfd7e0/edge_128x128_AkqOofy.png HTTP/1.0" 200 12804
[24/Aug/2021 16:41:03] "GET /media/7/1/71deaac409c83a0c00d81ac0594d7b5d/safari_128x128_NVjhdzv.png HTTP/1.0" 200 26013
[24/Aug/2021 16:41:03] "GET /media/a/4/a4eb9a0014af7669b8e6ea6f65dbf5ed/demo_b32qrn4.png HTTP/1.0" 200 29193
[24/Aug/2021 16:41:03] "GET /media/a/8/a87b8ccb7c363b01a59970af317f877b/firefox_128x128_j5T4kWr.png HTTP/1.0" 200 16404
[24/Aug/2021 16:41:03] "GET /media/3/5/354cffbdf6426b30640e30185ef4e629/chrome_128x128_Djpg8Ed.png HTTP/1.0" 200 13244
[24/Aug/2021 16:41:03] "GET /media/b/6/b645cd5796ae681940c70502b98800bb/647ca490-1704-11e6-8ed8-ef0674e40fc3_DE6ayUP.png HTTP/1.0" 200 21196
[24/Aug/2021 16:41:03] "GET /media/7/c/7cc3417d78df38dd29e6df7ad3067f47/111010138-e0cf9b80-8395-11eb-9086-e3f19645b399.png HTTP/1.0" 200 14233
[24/Aug/2021 16:41:04] "GET /media/1/3/13df7325b480efe4240efa6fbfd32552/111010141-e2995f00-8395-11eb-9533-c074d55a745d.png HTTP/1.0" 200 6422
[24/Aug/2021 16:41:04] "GET /media/0/b/0b93851123eb7839f4873ed250055614/111010284-576c9900-8396-11eb-9fd9-399cc7dae8bc.png HTTP/1.0" 200 4940
[24/Aug/2021 16:41:04] "GET /media/c/f/cf3898c3cf41aed191aeda35ee5fba72/opera_128x128.png HTTP/1.0" 200 7729
[24/Aug/2021 16:41:04] "GET /media/b/f/bfbb38c0ddb4c050f5eb21b870dfd7e0/edge_128x128.png HTTP/1.0" 200 12804
[24/Aug/2021 16:41:04] "GET /media/7/1/71deaac409c83a0c00d81ac0594d7b5d/safari_128x128.png HTTP/1.0" 200 26013
[24/Aug/2021 16:41:04] "GET /media/a/8/a87b8ccb7c363b01a59970af317f877b/firefox_128x128.png HTTP/1.0" 200 16404
[24/Aug/2021 16:41:04] "GET /media/3/5/354cffbdf6426b30640e30185ef4e629/chrome_128x128_VE2OpYw.png HTTP/1.0" 200 13244
[24/Aug/2021 16:41:04] "GET /media/a/4/a4eb9a0014af7669b8e6ea6f65dbf5ed/demo_nKaCAZX.png HTTP/1.0" 200 29193
[24/Aug/2021 16:41:04] "GET /media/b/6/b645cd5796ae681940c70502b98800bb/647ca490-1704-11e6-8ed8-ef0674e40fc3_DJruCgA.png HTTP/1.0" 200 21196
[24/Aug/2021 16:41:04] "GET /media/b/f/bf0890e4e74c156eb31b9432a947d073/proxy-manager.png HTTP/1.0" 200 23170
[24/Aug/2021 16:41:04] "GET /media/9/5/9530b08054736fdd3ee37c0e96bb7763/screen-shot.gif HTTP/1.0" 200 2950
[24/Aug/2021 16:41:04] "GET /media/a/7/a7ace1894ccefc4302dc1f0224f4dfd3/68747470733a2f2f6e6f6465692e636f2f6e706d2d646c2f72656163742d6e61746976652d64726f702d726566726573682e706e673f6d6f6e7468733d39 HTTP/1.0" 200 8696
[24/Aug/2021 16:41:04] "GET /media/5/c/5c0fc86da528f9423d1a8c0343b13a37/68747470733a2f2f6e6f6465692e636f2f6e706d2f72656163742d6e61746976652d64726f702d726566726573682e706e67 HTTP/1.0" 200 9661
[24/Aug/2021 16:41:04] "GET /media/d/7/d7601fca8a821d164c2663362b92e200/preview_pc_admin_0913.png HTTP/1.0" 200 69154
[24/Aug/2021 16:41:04] "GET /media/8/2/82ffa417b85ed410591bec2f28bb0d24/img_001.png HTTP/1.0" 200 1766
[24/Aug/2021 16:41:04] "GET /media/7/7/77095f4ed028ca90c70123ecea991c0e/mstg-cover-release-small.jpg HTTP/1.0" 200 7657
[24/Aug/2021 16:41:06] "GET /api/v2/pins/?format=json&ordering=-id&limit=30&offset=30 HTTP/1.0" 200 11287
[24/Aug/2021 16:41:07] "GET /media/d/4/d45b3303cd1bd5132df4c690ec054322/TwitterOAuthTokens.png HTTP/1.0" 200 24306
[24/Aug/2021 16:41:07] "GET /media/1/7/17c63256fb3fbb3fec82e3ec4a72538b/Services.png HTTP/1.0" 200 12948
[24/Aug/2021 16:41:07] "GET /media/3/6/36d1b623e692a72779c511a9fbe6194f/TwitterOAuth.png HTTP/1.0" 200 34141
[24/Aug/2021 16:41:07] "GET /media/b/2/b24a6e8e00c5481d890260851e9130a5/OEANotification.gif HTTP/1.0" 200 20361
[24/Aug/2021 16:41:07] "GET /media/9/7/97780cdd0c6cf4ab79765b1ee0af0aee/OAuthSwift-icon.png HTTP/1.0" 200 29731
[24/Aug/2021 16:41:07] "GET /media/7/b/7bf9aebd186ed85acec3aed3f37f61dc/URLSchemes.png HTTP/1.0" 200 8440
[24/Aug/2021 16:41:07] "GET /media/9/a/9ab5e410fc726ea5a25ae2ed241bf0d9/vue-submit-example.png HTTP/1.0" 200 4822
[24/Aug/2021 16:41:07] "GET /media/3/5/354cffbdf6426b30640e30185ef4e629/chrome_128x128.png HTTP/1.0" 200 13244
[24/Aug/2021 16:41:07] "GET /media/a/4/a4eb9a0014af7669b8e6ea6f65dbf5ed/demo.png HTTP/1.0" 200 29193
[24/Aug/2021 16:41:07] "GET /media/b/6/b645cd5796ae681940c70502b98800bb/647ca490-1704-11e6-8ed8-ef0674e40fc3.png HTTP/1.0" 200 21196
[24/Aug/2021 16:45:58] "GET /api/v2/tags-auto-complete/ HTTP/1.1" 200 2106
[24/Aug/2021 16:45:58] "GET /api/v2/profile/users/ HTTP/1.1" 200 2
[24/Aug/2021 16:45:58] "GET /api/v2/pins/?format=json&ordering=-id&limit=30&offset=0 HTTP/1.1" 200 37546
[24/Aug/2021 16:45:58] "GET /api/v2/profile/users/ HTTP/1.1" 200 2
[24/Aug/2021 16:45:58] "GET /media/0/6/06dac49eb9da0e0e817e023ca6b912db/cover.png HTTP/1.1" 200 9302
[24/Aug/2021 16:45:58] "GET /media/c/9/c9d2d036b214a9ad3f6135a9864c7387/template_diagram.png HTTP/1.1" 200 7770
[24/Aug/2021 16:45:58] "GET /media/a/9/a9b21b95256b4158592b410dde14f3c0/viper-diagram.png HTTP/1.1" 200 8770
[24/Aug/2021 16:45:59] "GET /media/7/c/7cc3417d78df38dd29e6df7ad3067f47/111010138-e0cf9b80-8395-11eb-9086-e3f19645b399_vNQLS3Q.png HTTP/1.1" 200 14233
[24/Aug/2021 16:45:59] "GET /media/1/3/13df7325b480efe4240efa6fbfd32552/111010141-e2995f00-8395-11eb-9533-c074d55a745d_HbexGRs.png HTTP/1.1" 200 6422
[24/Aug/2021 16:45:59] "GET /media/0/b/0b93851123eb7839f4873ed250055614/111010284-576c9900-8396-11eb-9fd9-399cc7dae8bc_7cUMocV.png HTTP/1.1" 200 4940
[24/Aug/2021 16:45:59] "GET /media/c/f/cf3898c3cf41aed191aeda35ee5fba72/opera_128x128_PbV5Hxd.png HTTP/1.1" 200 7729
[24/Aug/2021 16:45:59] "GET /media/b/f/bfbb38c0ddb4c050f5eb21b870dfd7e0/edge_128x128_AkqOofy.png HTTP/1.1" 200 12804
[24/Aug/2021 16:45:59] "GET /media/7/1/71deaac409c83a0c00d81ac0594d7b5d/safari_128x128_NVjhdzv.png HTTP/1.1" 200 26013
[24/Aug/2021 16:45:59] "GET /media/a/8/a87b8ccb7c363b01a59970af317f877b/firefox_128x128_j5T4kWr.png HTTP/1.1" 200 16404
[24/Aug/2021 16:45:59] "GET /media/3/5/354cffbdf6426b30640e30185ef4e629/chrome_128x128_Djpg8Ed.png HTTP/1.1" 200 13244
[24/Aug/2021 16:45:59] "GET /media/a/4/a4eb9a0014af7669b8e6ea6f65dbf5ed/demo_b32qrn4.png HTTP/1.1" 200 29193
[24/Aug/2021 16:45:59] "GET /media/b/6/b645cd5796ae681940c70502b98800bb/647ca490-1704-11e6-8ed8-ef0674e40fc3_DE6ayUP.png HTTP/1.1" 200 21196
[24/Aug/2021 16:45:59] "GET /media/7/c/7cc3417d78df38dd29e6df7ad3067f47/111010138-e0cf9b80-8395-11eb-9086-e3f19645b399.png HTTP/1.1" 200 14233
[24/Aug/2021 16:45:59] "GET /media/1/3/13df7325b480efe4240efa6fbfd32552/111010141-e2995f00-8395-11eb-9533-c074d55a745d.png HTTP/1.1" 200 6422
[24/Aug/2021 16:45:59] "GET /media/0/b/0b93851123eb7839f4873ed250055614/111010284-576c9900-8396-11eb-9fd9-399cc7dae8bc.png HTTP/1.1" 200 4940
[24/Aug/2021 16:45:59] "GET /media/c/f/cf3898c3cf41aed191aeda35ee5fba72/opera_128x128.png HTTP/1.1" 200 7729
[24/Aug/2021 16:45:59] "GET /media/b/f/bfbb38c0ddb4c050f5eb21b870dfd7e0/edge_128x128.png HTTP/1.1" 200 12804
[24/Aug/2021 16:45:59] "GET /media/7/1/71deaac409c83a0c00d81ac0594d7b5d/safari_128x128.png HTTP/1.1" 200 26013
[24/Aug/2021 16:45:59] "GET /media/3/5/354cffbdf6426b30640e30185ef4e629/chrome_128x128_VE2OpYw.png HTTP/1.1" 200 13244
[24/Aug/2021 16:45:59] "GET /media/a/8/a87b8ccb7c363b01a59970af317f877b/firefox_128x128.png HTTP/1.1" 200 16404
[24/Aug/2021 16:45:59] "GET /media/a/4/a4eb9a0014af7669b8e6ea6f65dbf5ed/demo_nKaCAZX.png HTTP/1.1" 200 29193
[24/Aug/2021 16:45:59] "GET /media/b/6/b645cd5796ae681940c70502b98800bb/647ca490-1704-11e6-8ed8-ef0674e40fc3_DJruCgA.png HTTP/1.1" 200 21196
[24/Aug/2021 16:45:59] "GET /media/b/f/bf0890e4e74c156eb31b9432a947d073/proxy-manager.png HTTP/1.1" 200 23170
[24/Aug/2021 16:45:59] "GET /media/a/7/a7ace1894ccefc4302dc1f0224f4dfd3/68747470733a2f2f6e6f6465692e636f2f6e706d2d646c2f72656163742d6e61746976652d64726f702d726566726573682e706e673f6d6f6e7468733d39 HTTP/1.1" 200 8696
[24/Aug/2021 16:45:59] "GET /media/9/5/9530b08054736fdd3ee37c0e96bb7763/screen-shot.gif HTTP/1.1" 200 2950
[24/Aug/2021 16:45:59] "GET /media/5/c/5c0fc86da528f9423d1a8c0343b13a37/68747470733a2f2f6e6f6465692e636f2f6e706d2f72656163742d6e61746976652d64726f702d726566726573682e706e67 HTTP/1.1" 200 9661
[24/Aug/2021 16:45:59] "GET /media/d/7/d7601fca8a821d164c2663362b92e200/preview_pc_admin_0913.png HTTP/1.1" 200 69154
[24/Aug/2021 16:45:59] "GET /media/8/2/82ffa417b85ed410591bec2f28bb0d24/img_001.png HTTP/1.1" 200 1766
[24/Aug/2021 16:45:59] "GET /media/7/7/77095f4ed028ca90c70123ecea991c0e/mstg-cover-release-small.jpg HTTP/1.1" 200 7657
Not Found: //tags-auto-complete/
[24/Aug/2021 16:53:56] "GET //tags-auto-complete/ HTTP/1.0" 404 2834
Not Found: //tags-auto-complete/
[24/Aug/2021 16:53:57] "GET //tags-auto-complete/ HTTP/1.0" 404 2834
Not Found: //tags-auto-complete/
[24/Aug/2021 16:54:30] "GET //tags-auto-complete/ HTTP/1.0" 404 2834
[24/Aug/2021 16:54:39] "GET /api/v2/tags-auto-complete/ HTTP/1.0" 200 16095
[24/Aug/2021 16:54:49] "GET /api/v2/tags-auto-complete/ HTTP/1.0" 200 2106
[24/Aug/2021 16:54:49] "GET /api/v2/profile/users/ HTTP/1.0" 200 2
[24/Aug/2021 16:54:49] "GET /api/v2/profile/users/ HTTP/1.0" 200 2
[24/Aug/2021 16:54:49] "GET /api/v2/pins/?format=json&ordering=-id&limit=30&offset=0 HTTP/1.0" 200 37546
[24/Aug/2021 16:54:52] "GET /api/v2/pins/?format=json&ordering=-id&limit=30&offset=30 HTTP/1.0" 200 11287
[24/Aug/2021 16:55:09] "GET /api/v2/profile/users/ HTTP/1.0" 200 2
[24/Aug/2021 16:55:09] "GET /api/v2/tags-auto-complete/ HTTP/1.0" 200 2106
[24/Aug/2021 16:56:16] "GET /api/v2/tags-auto-complete/ HTTP/1.0" 200 2106
[24/Aug/2021 16:56:16] "GET /api/v2/profile/users/ HTTP/1.0" 200 2
[24/Aug/2021 16:56:16] "GET /api/v2/profile/users/ HTTP/1.0" 200 2
[24/Aug/2021 16:56:16] "GET /api/v2/pins/?format=json&ordering=-id&limit=30&offset=0 HTTP/1.0" 200 37546
[24/Aug/2021 17:00:21] "GET /api/v2/tags-auto-complete/ HTTP/1.0" 200 2106
[24/Aug/2021 17:00:21] "GET /api/v2/profile/users/ HTTP/1.0" 200 2
[24/Aug/2021 17:00:21] "GET /api/v2/profile/users/ HTTP/1.0" 200 2
[24/Aug/2021 17:00:21] "GET /api/v2/pins/?format=json&ordering=-id&limit=30&offset=0 HTTP/1.0" 200 37546
[24/Aug/2021 17:00:21] "GET /media/c/9/c9d2d036b214a9ad3f6135a9864c7387/template_diagram.png HTTP/1.0" 200 7770
[24/Aug/2021 17:00:21] "GET /media/a/9/a9b21b95256b4158592b410dde14f3c0/viper-diagram.png HTTP/1.0" 200 8770
[24/Aug/2021 17:00:21] "GET /media/0/6/06dac49eb9da0e0e817e023ca6b912db/cover.png HTTP/1.0" 200 9302
[24/Aug/2021 17:00:21] "GET /media/7/c/7cc3417d78df38dd29e6df7ad3067f47/111010138-e0cf9b80-8395-11eb-9086-e3f19645b399_vNQLS3Q.png HTTP/1.0" 200 14233
[24/Aug/2021 17:00:21] "GET /media/1/3/13df7325b480efe4240efa6fbfd32552/111010141-e2995f00-8395-11eb-9533-c074d55a745d_HbexGRs.png HTTP/1.0" 200 6422
[24/Aug/2021 17:00:21] "GET /media/0/b/0b93851123eb7839f4873ed250055614/111010284-576c9900-8396-11eb-9fd9-399cc7dae8bc_7cUMocV.png HTTP/1.0" 200 4940
[24/Aug/2021 17:00:21] "GET /media/c/f/cf3898c3cf41aed191aeda35ee5fba72/opera_128x128_PbV5Hxd.png HTTP/1.0" 200 7729
[24/Aug/2021 17:00:21] "GET /media/b/f/bfbb38c0ddb4c050f5eb21b870dfd7e0/edge_128x128_AkqOofy.png HTTP/1.0" 200 12804
[24/Aug/2021 17:00:21] "GET /media/7/1/71deaac409c83a0c00d81ac0594d7b5d/safari_128x128_NVjhdzv.png HTTP/1.0" 200 26013
[24/Aug/2021 17:00:21] "GET /media/a/8/a87b8ccb7c363b01a59970af317f877b/firefox_128x128_j5T4kWr.png HTTP/1.0" 200 16404
[24/Aug/2021 17:00:21] "GET /media/3/5/354cffbdf6426b30640e30185ef4e629/chrome_128x128_Djpg8Ed.png HTTP/1.0" 200 13244
[24/Aug/2021 17:00:21] "GET /media/a/4/a4eb9a0014af7669b8e6ea6f65dbf5ed/demo_b32qrn4.png HTTP/1.0" 200 29193
[24/Aug/2021 17:00:21] "GET /media/b/6/b645cd5796ae681940c70502b98800bb/647ca490-1704-11e6-8ed8-ef0674e40fc3_DE6ayUP.png HTTP/1.0" 200 21196
[24/Aug/2021 17:00:21] "GET /media/7/c/7cc3417d78df38dd29e6df7ad3067f47/111010138-e0cf9b80-8395-11eb-9086-e3f19645b399.png HTTP/1.0" 200 14233
[24/Aug/2021 17:00:21] "GET /media/1/3/13df7325b480efe4240efa6fbfd32552/111010141-e2995f00-8395-11eb-9533-c074d55a745d.png HTTP/1.0" 200 6422
[24/Aug/2021 17:00:21] "GET /media/0/b/0b93851123eb7839f4873ed250055614/111010284-576c9900-8396-11eb-9fd9-399cc7dae8bc.png HTTP/1.0" 200 4940
[24/Aug/2021 17:00:21] "GET /media/c/f/cf3898c3cf41aed191aeda35ee5fba72/opera_128x128.png HTTP/1.0" 200 7729
[24/Aug/2021 17:00:21] "GET /media/b/f/bfbb38c0ddb4c050f5eb21b870dfd7e0/edge_128x128.png HTTP/1.0" 200 12804
[24/Aug/2021 17:00:21] "GET /media/7/1/71deaac409c83a0c00d81ac0594d7b5d/safari_128x128.png HTTP/1.0" 200 26013
[24/Aug/2021 17:00:21] "GET /media/a/8/a87b8ccb7c363b01a59970af317f877b/firefox_128x128.png HTTP/1.0" 200 16404
[24/Aug/2021 17:00:21] "GET /media/3/5/354cffbdf6426b30640e30185ef4e629/chrome_128x128_VE2OpYw.png HTTP/1.0" 200 13244
[24/Aug/2021 17:00:21] "GET /media/a/4/a4eb9a0014af7669b8e6ea6f65dbf5ed/demo_nKaCAZX.png HTTP/1.0" 200 29193
[24/Aug/2021 17:00:21] "GET /media/b/6/b645cd5796ae681940c70502b98800bb/647ca490-1704-11e6-8ed8-ef0674e40fc3_DJruCgA.png HTTP/1.0" 200 21196
[24/Aug/2021 17:00:21] "GET /media/b/f/bf0890e4e74c156eb31b9432a947d073/proxy-manager.png HTTP/1.0" 200 23170
[24/Aug/2021 17:00:21] "GET /media/9/5/9530b08054736fdd3ee37c0e96bb7763/screen-shot.gif HTTP/1.0" 200 2950
[24/Aug/2021 17:00:21] "GET /media/a/7/a7ace1894ccefc4302dc1f0224f4dfd3/68747470733a2f2f6e6f6465692e636f2f6e706d2d646c2f72656163742d6e61746976652d64726f702d726566726573682e706e673f6d6f6e7468733d39 HTTP/1.0" 200 8696
[24/Aug/2021 17:00:21] "GET /media/5/c/5c0fc86da528f9423d1a8c0343b13a37/68747470733a2f2f6e6f6465692e636f2f6e706d2f72656163742d6e61746976652d64726f702d726566726573682e706e67 HTTP/1.0" 200 9661
[24/Aug/2021 17:00:21] "GET /media/d/7/d7601fca8a821d164c2663362b92e200/preview_pc_admin_0913.png HTTP/1.0" 200 69154
[24/Aug/2021 17:00:21] "GET /media/8/2/82ffa417b85ed410591bec2f28bb0d24/img_001.png HTTP/1.0" 200 1766
[24/Aug/2021 17:00:21] "GET /media/7/7/77095f4ed028ca90c70123ecea991c0e/mstg-cover-release-small.jpg HTTP/1.0" 200 7657
[24/Aug/2021 17:01:11] "GET /api/v2/pins/?format=json&ordering=-id&limit=30&offset=30 HTTP/1.0" 200 11287
[24/Aug/2021 17:01:11] "GET /media/7/b/7bf9aebd186ed85acec3aed3f37f61dc/URLSchemes.png HTTP/1.0" 200 8440
[24/Aug/2021 17:01:11] "GET /media/1/7/17c63256fb3fbb3fec82e3ec4a72538b/Services.png HTTP/1.0" 200 12948
[24/Aug/2021 17:01:11] "GET /media/9/7/97780cdd0c6cf4ab79765b1ee0af0aee/OAuthSwift-icon.png HTTP/1.0" 200 29731
[24/Aug/2021 17:01:11] "GET /media/d/4/d45b3303cd1bd5132df4c690ec054322/TwitterOAuthTokens.png HTTP/1.0" 200 24306
[24/Aug/2021 17:01:11] "GET /media/b/2/b24a6e8e00c5481d890260851e9130a5/OEANotification.gif HTTP/1.0" 200 20361
[24/Aug/2021 17:01:11] "GET /media/3/6/36d1b623e692a72779c511a9fbe6194f/TwitterOAuth.png HTTP/1.0" 200 34141
[24/Aug/2021 17:01:11] "GET /media/9/a/9ab5e410fc726ea5a25ae2ed241bf0d9/vue-submit-example.png HTTP/1.0" 200 4822
[24/Aug/2021 17:01:11] "GET /media/3/5/354cffbdf6426b30640e30185ef4e629/chrome_128x128.png HTTP/1.0" 200 13244
[24/Aug/2021 17:01:11] "GET /media/a/4/a4eb9a0014af7669b8e6ea6f65dbf5ed/demo.png HTTP/1.0" 200 29193
[24/Aug/2021 17:01:11] "GET /media/b/6/b645cd5796ae681940c70502b98800bb/647ca490-1704-11e6-8ed8-ef0674e40fc3.png HTTP/1.0" 200 21196
[24/Aug/2021 17:02:18] "GET /media/8/7/87c1fc7d6e95151c725e5a2ddf3f4404/Services.png HTTP/1.0" 200 13399
[24/Aug/2021 17:02:27] "GET /media/9/9/998656cf370ca84768ee8e5d1957911f/demo.png HTTP/1.0" 200 480698
[24/Aug/2021 17:02:34] "GET /api/v2/profile/users/ HTTP/1.0" 200 2
[24/Aug/2021 17:02:34] "GET /api/v2/profile/users/ HTTP/1.0" 200 2
[24/Aug/2021 17:02:34] "GET /api/v2/pins/?format=json&ordering=-id&limit=30&offset=0 HTTP/1.0" 200 37546
[24/Aug/2021 17:02:39] "GET /api/v2/pins/?format=json&ordering=-id&limit=30&offset=30 HTTP/1.0" 200 11287
[24/Aug/2021 17:14:28] "GET /api/v2/tags-auto-complete/ HTTP/1.0" 200 2106
[24/Aug/2021 17:14:28] "GET /api/v2/profile/users/ HTTP/1.0" 200 2
[24/Aug/2021 17:14:28] "GET /api/v2/profile/users/ HTTP/1.0" 200 2
[24/Aug/2021 17:14:28] "GET /api/v2/pins/?format=json&ordering=-id&limit=30&offset=0 HTTP/1.0" 200 37546
[24/Aug/2021 17:14:29] "GET /media/c/9/c9d2d036b214a9ad3f6135a9864c7387/template_diagram.png HTTP/1.0" 200 7770
[24/Aug/2021 17:14:29] "GET /media/a/9/a9b21b95256b4158592b410dde14f3c0/viper-diagram.png HTTP/1.0" 200 8770
[24/Aug/2021 17:14:29] "GET /media/0/6/06dac49eb9da0e0e817e023ca6b912db/cover.png HTTP/1.0" 200 9302
[24/Aug/2021 17:14:29] "GET /media/7/c/7cc3417d78df38dd29e6df7ad3067f47/111010138-e0cf9b80-8395-11eb-9086-e3f19645b399_vNQLS3Q.png HTTP/1.0" 200 14233
[24/Aug/2021 17:14:29] "GET /media/1/3/13df7325b480efe4240efa6fbfd32552/111010141-e2995f00-8395-11eb-9533-c074d55a745d_HbexGRs.png HTTP/1.0" 200 6422
[24/Aug/2021 17:14:29] "GET /media/0/b/0b93851123eb7839f4873ed250055614/111010284-576c9900-8396-11eb-9fd9-399cc7dae8bc_7cUMocV.png HTTP/1.0" 200 4940
[24/Aug/2021 17:14:29] "GET /media/c/f/cf3898c3cf41aed191aeda35ee5fba72/opera_128x128_PbV5Hxd.png HTTP/1.0" 200 7729
[24/Aug/2021 17:14:29] "GET /media/b/f/bfbb38c0ddb4c050f5eb21b870dfd7e0/edge_128x128_AkqOofy.png HTTP/1.0" 200 12804
[24/Aug/2021 17:14:29] "GET /media/7/1/71deaac409c83a0c00d81ac0594d7b5d/safari_128x128_NVjhdzv.png HTTP/1.0" 200 26013
[24/Aug/2021 17:14:29] "GET /media/a/8/a87b8ccb7c363b01a59970af317f877b/firefox_128x128_j5T4kWr.png HTTP/1.0" 200 16404
[24/Aug/2021 17:14:29] "GET /media/3/5/354cffbdf6426b30640e30185ef4e629/chrome_128x128_Djpg8Ed.png HTTP/1.0" 200 13244
[24/Aug/2021 17:14:29] "GET /media/a/4/a4eb9a0014af7669b8e6ea6f65dbf5ed/demo_b32qrn4.png HTTP/1.0" 200 29193
[24/Aug/2021 17:14:29] "GET /media/b/6/b645cd5796ae681940c70502b98800bb/647ca490-1704-11e6-8ed8-ef0674e40fc3_DE6ayUP.png HTTP/1.0" 200 21196
[24/Aug/2021 17:14:31] "GET /media/7/c/7cc3417d78df38dd29e6df7ad3067f47/111010138-e0cf9b80-8395-11eb-9086-e3f19645b399.png HTTP/1.0" 200 14233
[24/Aug/2021 17:14:31] "GET /media/1/3/13df7325b480efe4240efa6fbfd32552/111010141-e2995f00-8395-11eb-9533-c074d55a745d.png HTTP/1.0" 200 6422
[24/Aug/2021 17:14:31] "GET /media/0/b/0b93851123eb7839f4873ed250055614/111010284-576c9900-8396-11eb-9fd9-399cc7dae8bc.png HTTP/1.0" 200 4940
[24/Aug/2021 17:14:31] "GET /media/c/f/cf3898c3cf41aed191aeda35ee5fba72/opera_128x128.png HTTP/1.0" 200 7729
[24/Aug/2021 17:14:31] "GET /media/b/f/bfbb38c0ddb4c050f5eb21b870dfd7e0/edge_128x128.png HTTP/1.0" 200 12804
[24/Aug/2021 17:14:31] "GET /media/7/1/71deaac409c83a0c00d81ac0594d7b5d/safari_128x128.png HTTP/1.0" 200 26013
[24/Aug/2021 17:14:31] "GET /media/a/8/a87b8ccb7c363b01a59970af317f877b/firefox_128x128.png HTTP/1.0" 200 16404
[24/Aug/2021 17:14:31] "GET /media/3/5/354cffbdf6426b30640e30185ef4e629/chrome_128x128_VE2OpYw.png HTTP/1.0" 200 13244
[24/Aug/2021 17:14:31] "GET /media/a/4/a4eb9a0014af7669b8e6ea6f65dbf5ed/demo_nKaCAZX.png HTTP/1.0" 200 29193
[24/Aug/2021 17:14:32] "GET /media/b/6/b645cd5796ae681940c70502b98800bb/647ca490-1704-11e6-8ed8-ef0674e40fc3_DJruCgA.png HTTP/1.0" 200 21196
[24/Aug/2021 17:14:32] "GET /media/b/f/bf0890e4e74c156eb31b9432a947d073/proxy-manager.png HTTP/1.0" 200 23170
[24/Aug/2021 17:14:32] "GET /media/9/5/9530b08054736fdd3ee37c0e96bb7763/screen-shot.gif HTTP/1.0" 200 2950
[24/Aug/2021 17:14:32] "GET /media/a/7/a7ace1894ccefc4302dc1f0224f4dfd3/68747470733a2f2f6e6f6465692e636f2f6e706d2d646c2f72656163742d6e61746976652d64726f702d726566726573682e706e673f6d6f6e7468733d39 HTTP/1.0" 200 8696
[24/Aug/2021 17:14:32] "GET /media/5/c/5c0fc86da528f9423d1a8c0343b13a37/68747470733a2f2f6e6f6465692e636f2f6e706d2f72656163742d6e61746976652d64726f702d726566726573682e706e67 HTTP/1.0" 200 9661
[24/Aug/2021 17:14:32] "GET /media/d/7/d7601fca8a821d164c2663362b92e200/preview_pc_admin_0913.png HTTP/1.0" 200 69154
[24/Aug/2021 17:14:32] "GET /media/8/2/82ffa417b85ed410591bec2f28bb0d24/img_001.png HTTP/1.0" 200 1766
[24/Aug/2021 17:14:32] "GET /media/7/7/77095f4ed028ca90c70123ecea991c0e/mstg-cover-release-small.jpg HTTP/1.0" 200 7657
[25/Aug/2021 00:48:31] "GET /api/v2/tags-auto-complete/ HTTP/1.0" 200 2106
[25/Aug/2021 00:48:31] "GET /api/v2/profile/users/ HTTP/1.0" 200 2
[25/Aug/2021 00:48:31] "GET /api/v2/profile/users/ HTTP/1.0" 200 2
[25/Aug/2021 00:48:32] "GET /api/v2/pins/?format=json&ordering=-id&limit=30&offset=0 HTTP/1.0" 200 37546
[25/Aug/2021 00:48:33] "GET /media/c/9/c9d2d036b214a9ad3f6135a9864c7387/template_diagram.png HTTP/1.0" 200 7770
[25/Aug/2021 00:48:33] "GET /media/a/9/a9b21b95256b4158592b410dde14f3c0/viper-diagram.png HTTP/1.0" 200 8770
[25/Aug/2021 00:48:33] "GET /media/0/6/06dac49eb9da0e0e817e023ca6b912db/cover.png HTTP/1.0" 200 9302
[25/Aug/2021 00:48:33] "GET /media/7/c/7cc3417d78df38dd29e6df7ad3067f47/111010138-e0cf9b80-8395-11eb-9086-e3f19645b399_vNQLS3Q.png HTTP/1.0" 200 14233
[25/Aug/2021 00:48:33] "GET /media/0/b/0b93851123eb7839f4873ed250055614/111010284-576c9900-8396-11eb-9fd9-399cc7dae8bc_7cUMocV.png HTTP/1.0" 200 4940
[25/Aug/2021 00:48:33] "GET /media/1/3/13df7325b480efe4240efa6fbfd32552/111010141-e2995f00-8395-11eb-9533-c074d55a745d_HbexGRs.png HTTP/1.0" 200 6422
[25/Aug/2021 00:48:33] "GET /media/c/f/cf3898c3cf41aed191aeda35ee5fba72/opera_128x128_PbV5Hxd.png HTTP/1.0" 200 7729
[25/Aug/2021 00:48:33] "GET /media/b/f/bfbb38c0ddb4c050f5eb21b870dfd7e0/edge_128x128_AkqOofy.png HTTP/1.0" 200 12804
[25/Aug/2021 00:48:33] "GET /media/7/1/71deaac409c83a0c00d81ac0594d7b5d/safari_128x128_NVjhdzv.png HTTP/1.0" 200 26013
[25/Aug/2021 00:48:33] "GET /media/a/8/a87b8ccb7c363b01a59970af317f877b/firefox_128x128_j5T4kWr.png HTTP/1.0" 200 16404
[25/Aug/2021 00:48:33] "GET /media/3/5/354cffbdf6426b30640e30185ef4e629/chrome_128x128_Djpg8Ed.png HTTP/1.0" 200 13244
[25/Aug/2021 00:48:33] "GET /media/a/4/a4eb9a0014af7669b8e6ea6f65dbf5ed/demo_b32qrn4.png HTTP/1.0" 200 29193
[25/Aug/2021 00:48:33] "GET /media/b/6/b645cd5796ae681940c70502b98800bb/647ca490-1704-11e6-8ed8-ef0674e40fc3_DE6ayUP.png HTTP/1.0" 200 21196
[25/Aug/2021 00:48:33] "GET /media/7/c/7cc3417d78df38dd29e6df7ad3067f47/111010138-e0cf9b80-8395-11eb-9086-e3f19645b399.png HTTP/1.0" 200 14233
[25/Aug/2021 00:48:33] "GET /media/1/3/13df7325b480efe4240efa6fbfd32552/111010141-e2995f00-8395-11eb-9533-c074d55a745d.png HTTP/1.0" 200 6422
[25/Aug/2021 00:48:34] "GET /media/0/b/0b93851123eb7839f4873ed250055614/111010284-576c9900-8396-11eb-9fd9-399cc7dae8bc.png HTTP/1.0" 200 4940
[25/Aug/2021 00:48:34] "GET /media/c/f/cf3898c3cf41aed191aeda35ee5fba72/opera_128x128.png HTTP/1.0" 200 7729
[25/Aug/2021 00:48:34] "GET /media/7/1/71deaac409c83a0c00d81ac0594d7b5d/safari_128x128.png HTTP/1.0" 200 26013
[25/Aug/2021 00:48:34] "GET /media/b/f/bfbb38c0ddb4c050f5eb21b870dfd7e0/edge_128x128.png HTTP/1.0" 200 12804
[25/Aug/2021 00:48:34] "GET /media/a/8/a87b8ccb7c363b01a59970af317f877b/firefox_128x128.png HTTP/1.0" 200 16404
[25/Aug/2021 00:48:34] "GET /media/3/5/354cffbdf6426b30640e30185ef4e629/chrome_128x128_VE2OpYw.png HTTP/1.0" 200 13244
[25/Aug/2021 00:48:34] "GET /media/a/4/a4eb9a0014af7669b8e6ea6f65dbf5ed/demo_nKaCAZX.png HTTP/1.0" 200 29193
[25/Aug/2021 00:48:34] "GET /media/b/6/b645cd5796ae681940c70502b98800bb/647ca490-1704-11e6-8ed8-ef0674e40fc3_DJruCgA.png HTTP/1.0" 200 21196
[25/Aug/2021 00:48:34] "GET /media/b/f/bf0890e4e74c156eb31b9432a947d073/proxy-manager.png HTTP/1.0" 200 23170
[25/Aug/2021 00:48:34] "GET /media/9/5/9530b08054736fdd3ee37c0e96bb7763/screen-shot.gif HTTP/1.0" 200 2950
[25/Aug/2021 00:48:34] "GET /media/a/7/a7ace1894ccefc4302dc1f0224f4dfd3/68747470733a2f2f6e6f6465692e636f2f6e706d2d646c2f72656163742d6e61746976652d64726f702d726566726573682e706e673f6d6f6e7468733d39 HTTP/1.0" 200 8696
[25/Aug/2021 00:48:34] "GET /media/5/c/5c0fc86da528f9423d1a8c0343b13a37/68747470733a2f2f6e6f6465692e636f2f6e706d2f72656163742d6e61746976652d64726f702d726566726573682e706e67 HTTP/1.0" 200 9661
[25/Aug/2021 00:48:34] "GET /media/d/7/d7601fca8a821d164c2663362b92e200/preview_pc_admin_0913.png HTTP/1.0" 200 69154
[25/Aug/2021 00:48:34] "GET /media/8/2/82ffa417b85ed410591bec2f28bb0d24/img_001.png HTTP/1.0" 200 1766
[25/Aug/2021 00:48:34] "GET /media/7/7/77095f4ed028ca90c70123ecea991c0e/mstg-cover-release-small.jpg HTTP/1.0" 200 7657
[25/Aug/2021 00:52:58] "GET /api/v2/tags-auto-complete/ HTTP/1.0" 200 2106
[25/Aug/2021 00:52:58] "GET /api/v2/profile/users/ HTTP/1.0" 200 2
[25/Aug/2021 00:52:58] "GET /api/v2/profile/users/ HTTP/1.0" 200 2
[25/Aug/2021 00:52:59] "GET /api/v2/pins/?format=json&ordering=-id&limit=30&offset=0 HTTP/1.0" 200 37546
[25/Aug/2021 00:52:59] "GET /media/c/9/c9d2d036b214a9ad3f6135a9864c7387/template_diagram.png HTTP/1.0" 200 7770
[25/Aug/2021 00:52:59] "GET /media/a/9/a9b21b95256b4158592b410dde14f3c0/viper-diagram.png HTTP/1.0" 200 8770
[25/Aug/2021 00:52:59] "GET /media/0/6/06dac49eb9da0e0e817e023ca6b912db/cover.png HTTP/1.0" 200 9302
[25/Aug/2021 00:53:00] "GET /media/7/c/7cc3417d78df38dd29e6df7ad3067f47/111010138-e0cf9b80-8395-11eb-9086-e3f19645b399_vNQLS3Q.png HTTP/1.0" 200 14233
[25/Aug/2021 00:53:00] "GET /media/1/3/13df7325b480efe4240efa6fbfd32552/111010141-e2995f00-8395-11eb-9533-c074d55a745d_HbexGRs.png HTTP/1.0" 200 6422
[25/Aug/2021 00:53:00] "GET /media/0/b/0b93851123eb7839f4873ed250055614/111010284-576c9900-8396-11eb-9fd9-399cc7dae8bc_7cUMocV.png HTTP/1.0" 200 4940
[25/Aug/2021 00:53:00] "GET /media/c/f/cf3898c3cf41aed191aeda35ee5fba72/opera_128x128_PbV5Hxd.png HTTP/1.0" 200 7729
[25/Aug/2021 00:53:00] "GET /media/b/f/bfbb38c0ddb4c050f5eb21b870dfd7e0/edge_128x128_AkqOofy.png HTTP/1.0" 200 12804
[25/Aug/2021 00:53:00] "GET /media/7/1/71deaac409c83a0c00d81ac0594d7b5d/safari_128x128_NVjhdzv.png HTTP/1.0" 200 26013
[25/Aug/2021 00:53:00] "GET /media/a/8/a87b8ccb7c363b01a59970af317f877b/firefox_128x128_j5T4kWr.png HTTP/1.0" 200 16404
[25/Aug/2021 00:53:00] "GET /media/3/5/354cffbdf6426b30640e30185ef4e629/chrome_128x128_Djpg8Ed.png HTTP/1.0" 200 13244
[25/Aug/2021 00:53:00] "GET /media/a/4/a4eb9a0014af7669b8e6ea6f65dbf5ed/demo_b32qrn4.png HTTP/1.0" 200 29193
[25/Aug/2021 00:53:00] "GET /media/b/6/b645cd5796ae681940c70502b98800bb/647ca490-1704-11e6-8ed8-ef0674e40fc3_DE6ayUP.png HTTP/1.0" 200 21196
[25/Aug/2021 00:53:00] "GET /media/7/c/7cc3417d78df38dd29e6df7ad3067f47/111010138-e0cf9b80-8395-11eb-9086-e3f19645b399.png HTTP/1.0" 200 14233
[25/Aug/2021 00:53:00] "GET /media/1/3/13df7325b480efe4240efa6fbfd32552/111010141-e2995f00-8395-11eb-9533-c074d55a745d.png HTTP/1.0" 200 6422
[25/Aug/2021 00:53:00] "GET /media/0/b/0b93851123eb7839f4873ed250055614/111010284-576c9900-8396-11eb-9fd9-399cc7dae8bc.png HTTP/1.0" 200 4940
[25/Aug/2021 00:53:00] "GET /media/c/f/cf3898c3cf41aed191aeda35ee5fba72/opera_128x128.png HTTP/1.0" 200 7729
[25/Aug/2021 00:53:00] "GET /media/b/f/bfbb38c0ddb4c050f5eb21b870dfd7e0/edge_128x128.png HTTP/1.0" 200 12804
[25/Aug/2021 00:53:00] "GET /media/7/1/71deaac409c83a0c00d81ac0594d7b5d/safari_128x128.png HTTP/1.0" 200 26013
[25/Aug/2021 00:53:00] "GET /media/a/8/a87b8ccb7c363b01a59970af317f877b/firefox_128x128.png HTTP/1.0" 200 16404
[25/Aug/2021 00:53:01] "GET /media/3/5/354cffbdf6426b30640e30185ef4e629/chrome_128x128_VE2OpYw.png HTTP/1.0" 200 13244
[25/Aug/2021 00:53:01] "GET /media/a/4/a4eb9a0014af7669b8e6ea6f65dbf5ed/demo_nKaCAZX.png HTTP/1.0" 200 29193
[25/Aug/2021 00:53:01] "GET /media/b/6/b645cd5796ae681940c70502b98800bb/647ca490-1704-11e6-8ed8-ef0674e40fc3_DJruCgA.png HTTP/1.0" 200 21196
[25/Aug/2021 00:53:01] "GET /media/b/f/bf0890e4e74c156eb31b9432a947d073/proxy-manager.png HTTP/1.0" 200 23170
[25/Aug/2021 00:53:01] "GET /media/9/5/9530b08054736fdd3ee37c0e96bb7763/screen-shot.gif HTTP/1.0" 200 2950
[25/Aug/2021 00:53:01] "GET /media/a/7/a7ace1894ccefc4302dc1f0224f4dfd3/68747470733a2f2f6e6f6465692e636f2f6e706d2d646c2f72656163742d6e61746976652d64726f702d726566726573682e706e673f6d6f6e7468733d39 HTTP/1.0" 200 8696
[25/Aug/2021 00:53:01] "GET /media/5/c/5c0fc86da528f9423d1a8c0343b13a37/68747470733a2f2f6e6f6465692e636f2f6e706d2f72656163742d6e61746976652d64726f702d726566726573682e706e67 HTTP/1.0" 200 9661
[25/Aug/2021 00:53:01] "GET /media/d/7/d7601fca8a821d164c2663362b92e200/preview_pc_admin_0913.png HTTP/1.0" 200 69154
[25/Aug/2021 00:53:01] "GET /media/8/2/82ffa417b85ed410591bec2f28bb0d24/img_001.png HTTP/1.0" 200 1766
[25/Aug/2021 00:53:01] "GET /media/7/7/77095f4ed028ca90c70123ecea991c0e/mstg-cover-release-small.jpg HTTP/1.0" 200 7657
[25/Aug/2021 01:09:45] "GET /api/v2/pins/?format=json&ordering=-id&limit=30&offset=30 HTTP/1.0" 200 11287
[25/Aug/2021 01:09:46] "GET /media/b/2/b24a6e8e00c5481d890260851e9130a5/OEANotification.gif HTTP/1.0" 200 20361
[25/Aug/2021 01:09:46] "GET /media/d/4/d45b3303cd1bd5132df4c690ec054322/TwitterOAuthTokens.png HTTP/1.0" 200 24306
[25/Aug/2021 01:09:46] "GET /media/3/6/36d1b623e692a72779c511a9fbe6194f/TwitterOAuth.png HTTP/1.0" 200 34141
[25/Aug/2021 01:09:46] "GET /media/1/7/17c63256fb3fbb3fec82e3ec4a72538b/Services.png HTTP/1.0" 200 12948
[25/Aug/2021 01:09:46] "GET /media/7/b/7bf9aebd186ed85acec3aed3f37f61dc/URLSchemes.png HTTP/1.0" 200 8440
[25/Aug/2021 01:09:46] "GET /media/9/7/97780cdd0c6cf4ab79765b1ee0af0aee/OAuthSwift-icon.png HTTP/1.0" 200 29731
[25/Aug/2021 01:09:46] "GET /media/9/a/9ab5e410fc726ea5a25ae2ed241bf0d9/vue-submit-example.png HTTP/1.0" 200 4822
[25/Aug/2021 01:09:46] "GET /media/3/5/354cffbdf6426b30640e30185ef4e629/chrome_128x128.png HTTP/1.0" 200 13244
[25/Aug/2021 01:09:46] "GET /media/a/4/a4eb9a0014af7669b8e6ea6f65dbf5ed/demo.png HTTP/1.0" 200 29193
[25/Aug/2021 01:09:46] "GET /media/b/6/b645cd5796ae681940c70502b98800bb/647ca490-1704-11e6-8ed8-ef0674e40fc3.png HTTP/1.0" 200 21196
